<?xml version="1.0" encoding="UTF-8"?>
<!-- Generated by org.testng.reporters.JUnitXMLReporter -->
<testsuite hostname="LAPTOP-CF3E3LQS" name="Validate Login" tests="6" failures="0" timestamp="30 Nov 2019 21:50:25 GMT" time="169.757" errors="0">
  <testcase name="ConsentsOnline_Login" time="14.845" classname="nz.govt.mdc.ConsentsOnline.LoginTest"/>
  <testcase name="ConsentsOnline_Login" time="2.643" classname="nz.govt.mdc.ConsentsOnline.LoginTest"/>
  <testcase name="ConsentsOnline_Login" time="2.438" classname="nz.govt.mdc.ConsentsOnline.LoginTest"/>
  <testcase name="ConsentsOnline_Login" time="2.501" classname="nz.govt.mdc.ConsentsOnline.LoginTest"/>
  <testcase name="ConsentsOnline_Login" time="0.206" classname="nz.govt.mdc.ConsentsOnline.LoginTest"/>
  <testcase name="ConsentsOnline_Login" time="2.127" classname="nz.govt.mdc.ConsentsOnline.LoginTest"/>
</testsuite> <!-- Validate Login -->
